[debug] [2024-02-21T18:50:49.759Z] ----------------------------------------------------------------------
[debug] [2024-02-21T18:50:49.760Z] Command:       /usr/local/bin/node /usr/local/bin/firebase init hosting:github
[debug] [2024-02-21T18:50:49.760Z] CLI Version:   13.3.0
[debug] [2024-02-21T18:50:49.761Z] Platform:      darwin
[debug] [2024-02-21T18:50:49.761Z] Node Version:  v18.17.1
[debug] [2024-02-21T18:50:49.762Z] Time:          Wed Feb 21 2024 19:50:49 GMT+0100 (Central European Standard Time)
[debug] [2024-02-21T18:50:49.762Z] ----------------------------------------------------------------------
[debug] 
[debug] [2024-02-21T18:50:49.796Z] > command requires scopes: ["email","openid","https://www.googleapis.com/auth/cloudplatformprojects.readonly","https://www.googleapis.com/auth/firebase","https://www.googleapis.com/auth/cloud-platform"]
[debug] [2024-02-21T18:50:49.797Z] > authorizing via signed-in user (horeshclement@gmail.com)
[info] 
     ######## #### ########  ######## ########     ###     ######  ########
     ##        ##  ##     ## ##       ##     ##  ##   ##  ##       ##
     ######    ##  ########  ######   ########  #########  ######  ######
     ##        ##  ##    ##  ##       ##     ## ##     ##       ## ##
     ##       #### ##     ## ######## ########  ##     ##  ######  ########

You're about to initialize a Firebase project in this directory:

  /Users/clement/Desktop/Kevesse/client

Before we get started, keep in mind:

  * You are initializing within an existing Firebase project directory

[info] 
=== Project Setup
[info] 
[info] First, let's associate this project directory with a Firebase project.
[info] You can create multiple project aliases by running firebase use --add, 
[info] but for now we'll just set up a default project.
[info] 
[debug] [2024-02-21T18:50:49.799Z] Using project from CLI flag: kevesse-53c0e
[debug] [2024-02-21T18:50:49.800Z] >>> [apiv2][query] GET https://firebase.googleapis.com/v1beta1/projects/kevesse-53c0e [none]
[debug] [2024-02-21T18:50:50.065Z] <<< [apiv2][status] GET https://firebase.googleapis.com/v1beta1/projects/kevesse-53c0e 200
[debug] [2024-02-21T18:50:50.065Z] <<< [apiv2][body] GET https://firebase.googleapis.com/v1beta1/projects/kevesse-53c0e {"projectId":"kevesse-53c0e","projectNumber":"626180698558","displayName":"Kevesse","name":"projects/kevesse-53c0e","resources":{"hostingSite":"kevesse-53c0e"},"state":"ACTIVE","etag":"1_e65c16b4-05b6-4397-8250-f99e8f7150a9"}
[info] i  Using project kevesse-53c0e (Kevesse) 
[info] 
=== Hosting:github Setup
[info] 
[info] i  Detected a .git folder at /Users/clement/Desktop/Kevesse/client 
[info] i  Authorizing with GitHub to upload your service account to a GitHub repository's secrets store. 
[info] 
[info] Visit this URL on this device to log in:
[info] https://github.com/login/oauth/authorize?client_id=89cf50f02ac6aaed3484&state=64053219&redirect_uri=http%3A%2F%2Flocalhost%3A9005&scope=read%3Auser%20repo%20public_repo
[info] 
[info] Waiting for authentication...
[debug] [2024-02-21T18:50:50.687Z] >>> [apiv2][query] POST https://github.com/login/oauth/access_token [none]
[debug] [2024-02-21T18:50:50.688Z] >>> [apiv2][body] POST https://github.com/login/oauth/access_token [stream]
[debug] [2024-02-21T18:50:50.952Z] <<< [apiv2][status] POST https://github.com/login/oauth/access_token 200
[debug] [2024-02-21T18:50:50.952Z] <<< [apiv2][body] POST https://github.com/login/oauth/access_token {"access_token":"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","token_type":"bearer","scope":"read:user,repo"}
[debug] [2024-02-21T18:50:50.971Z] >>> [apiv2][query] GET https://api.github.com/user [none]
[debug] [2024-02-21T18:50:51.312Z] <<< [apiv2][status] GET https://api.github.com/user 200
[debug] [2024-02-21T18:50:51.312Z] <<< [apiv2][body] GET https://api.github.com/user {"login":"clement-horesh","id":49487620,"node_id":"MDQ6VXNlcjQ5NDg3NjIw","avatar_url":"https://avatars.githubusercontent.com/u/49487620?v=4","gravatar_id":"","url":"https://api.github.com/users/clement-horesh","html_url":"https://github.com/clement-horesh","followers_url":"https://api.github.com/users/clement-horesh/followers","following_url":"https://api.github.com/users/clement-horesh/following{/other_user}","gists_url":"https://api.github.com/users/clement-horesh/gists{/gist_id}","starred_url":"https://api.github.com/users/clement-horesh/starred{/owner}{/repo}","subscriptions_url":"https://api.github.com/users/clement-horesh/subscriptions","organizations_url":"https://api.github.com/users/clement-horesh/orgs","repos_url":"https://api.github.com/users/clement-horesh/repos","events_url":"https://api.github.com/users/clement-horesh/events{/privacy}","received_events_url":"https://api.github.com/users/clement-horesh/received_events","type":"User","site_admin":false,"name":"Clément Horesh","company":null,"blog":"","location":null,"email":null,"hireable":null,"bio":null,"twitter_username":null,"public_repos":5,"public_gists":0,"followers":0,"following":0,"created_at":"2019-04-10T14:22:42Z","updated_at":"2024-02-01T21:20:05Z","private_gists":1,"total_private_repos":3,"owned_private_repos":3,"disk_usage":160372,"collaborators":1,"two_factor_authentication":true,"plan":{"name":"free","space":976562499,"collaborators":0,"private_repos":10000}}
[info] 
[info] ✔  Success! Logged into GitHub as clement-horesh 
[info] 
